
TIME: 11:00:05
PHONE: 972-883-1111
REASON: RESOURCE NOT AVAILABLE
CODE: 110

TIME: 11:00:05
PHONE: 972-883-2222
REASON: NODE NOT REACHABLE
CODE: 140

TIME: 11:00:06
PHONE: 972-883-2222
REASON: RESOURCE NOT AVAILABLE
CODE: 110

TIME: 11:00:07
PHONE: 972-883-2222
REASON: RESOURCE NOT AVAILABLE
CODE: 110

TIME: 11:00:08
PHONE: 972-883-3333
REASON: RESOURCE BLOCKED
CODE: 115

TIME: 11:01:09
PHONE: 972-883-4444
REASON: ENDUSER UNREACHABLE
CODE: 130

TIME: 11:00:10
PHONE: 972-883-2222
REASON: NODE NOT REACHABLE
CODE: 140

TIME: 11:00:15
PHONE: 972-883-1111
REASON: RESOURCE NOT AVAILABLE
CODE: 110

TIME: 11:00:15
PHONE: 972-883-2222
REASON: NODE NOT REACHABLE
CODE: 140

TIME: 11:00:16
PHONE: 972-883-2222
REASON: RESOURCE NOT AVAILABLE
CODE: 110

TIME: 11:00:17
PHONE: 972-883-2222
REASON: RESOURCE NOT AVAILABLE
CODE: 110

TIME: 11:00:18
PHONE: 972-883-3333
REASON: RESOURCE BLOCKED
CODE: 115

TIME: 11:00:19
PHONE: 972-883-4444
REASON: ENDUSER UNREACHABLE
CODE: 130

TIME: 11:00:20
PHONE: 972-883-2222
REASON: NODE NOT REACHABLE
CODE: 140

